app/build/outputs/logs/manifest-merger-debug-report.txt
-- Merging decision tree log ---
manifest
ADDED from src/main/AndroidManifest.xml:2:1-45:12
INJECTED from src/main/AndroidManifest.xml:2:1-45:12
INJECTED from src/main/AndroidManifest.xml:2:1-45:12
INJECTED from src/main/AndroidManifest.xml:2:1-45:12
MERGED from [com.android.support:appcompat-v7:27.1.1] AndroidManifest.xml:17:1-22:12
MERGED from [com.android.support.constraint:constraint-layout:1.1.3] AndroidManifest.xml:2:1-11:12
MERGED from [com.android.support:support-fragment:27.1.1] AndroidManifest.xml:17:1-22:12
MERGED from [com.android.support:animated-vector-drawable:27.1.1] AndroidManifest.xml:17:1-22:12
MERGED from [com.android.support:support-core-ui:27.1.1] AndroidManifest.xml:17:1-22:12
MERGED from [com.android.support:support-core-utils:27.1.1] AndroidManifest.xml:17:1-22:12
MERGED from [com.android.support:support-vector-drawable:27.1.1] AndroidManifest.xml:17:1-22:12
MERGED from [com.android.support:support-compat:27.1.1] AndroidManifest.xml:17:1-22:12
MERGED from [android.arch.lifecycle:livedata-core:1.1.0] AndroidManifest.xml:17:1-22:12
MERGED from [android.arch.lifecycle:viewmodel:1.1.0] AndroidManifest.xml:17:1-22:12
MERGED from [android.arch.lifecycle:runtime:1.1.0] AndroidManifest.xml:17:1-22:12
MERGED from [android.arch.core:runtime:1.1.0] AndroidManifest.xml:17:1-22:12
INJECTED from src/main/AndroidManifest.xml:2:1-45:12
INJECTED from src/main/AndroidManifest.xml:2:1-45:12
INJECTED from src/main/AndroidManifest.xml:2:1-45:12
	package
		ADDED from src/main/AndroidManifest.xml:4:5-41
		INJECTED from src/main/AndroidManifest.xml
		INJECTED from src/main/AndroidManifest.xml
	android:versionName
		INJECTED from src/main/AndroidManifest.xml
		ADDED from src/main/AndroidManifest.xml:2:1-45:12
		INJECTED from src/main/AndroidManifest.xml
	xmlns:tools
		ADDED from src/main/AndroidManifest.xml:3:5-51
	android:versionCode
		INJECTED from src/main/AndroidManifest.xml
		ADDED from src/main/AndroidManifest.xml:2:1-45:12
		INJECTED from src/main/AndroidManifest.xml
	xmlns:android
		ADDED from src/main/AndroidManifest.xml:2:11-69
uses-permission#android.permission.WAKE_LOCK
ADDED from src/main/AndroidManifest.xml:6:5-68
	android:name
		ADDED from src/main/AndroidManifest.xml:6:22-65
uses-permission#android.permission.INTERNET
ADDED from src/main/AndroidManifest.xml:7:5-67
	android:name
		ADDED from src/main/AndroidManifest.xml:7:22-64
uses-permission#android.permission.ACCESS_NETWORK_STATE
ADDED from src/main/AndroidManifest.xml:8:5-79
	android:name
		ADDED from src/main/AndroidManifest.xml:8:22-76
uses-permission#android.permission.ACCESS_FINE_LOCATION
ADDED from src/main/AndroidManifest.xml:9:5-79
	android:name
		ADDED from src/main/AndroidManifest.xml:9:22-76
uses-permission#android.permission.ACCESS_COARSE_LOCATION_LOCATION
ADDED from src/main/AndroidManifest.xml:10:5-90
	android:name
		ADDED from src/main/AndroidManifest.xml:10:22-87
uses-permission#android.permission.SEND_SMS
ADDED from src/main/AndroidManifest.xml:11:5-67
	android:name
		ADDED from src/main/AndroidManifest.xml:11:22-64
uses-permission#android.permission.READ_PHONE_STATE
ADDED from src/main/AndroidManifest.xml:12:5-74
	android:name
		ADDED from src/main/AndroidManifest.xml:12:22-72
uses-permission#android.permission.INSTALL_SHORTCUT
ADDED from src/main/AndroidManifest.xml:13:5-74
	android:name
		ADDED from src/main/AndroidManifest.xml:13:22-72
uses-permission#android.permission.UNINSTALL_SHORTCUT
ADDED from src/main/AndroidManifest.xml:14:5-76
	android:name
		ADDED from src/main/AndroidManifest.xml:14:22-74
application
ADDED from src/main/AndroidManifest.xml:16:5-43:19
MERGED from [com.android.support.constraint:constraint-layout:1.1.3] AndroidManifest.xml:9:5-20
MERGED from [com.android.support.constraint:constraint-layout:1.1.3] AndroidManifest.xml:9:5-20
	android:supportsRtl
		ADDED from src/main/AndroidManifest.xml:21:9-35
	android:label
		ADDED from src/main/AndroidManifest.xml:19:9-41
	tools:ignore
		ADDED from src/main/AndroidManifest.xml:23:9-48
	android:roundIcon
		ADDED from src/main/AndroidManifest.xml:20:9-54
	android:icon
		ADDED from src/main/AndroidManifest.xml:18:9-43
	android:allowBackup
		ADDED from src/main/AndroidManifest.xml:17:9-35
	android:theme
		ADDED from src/main/AndroidManifest.xml:22:9-40
activity#com.example.user.stillwalk.classes.SosPage
ADDED from src/main/AndroidManifest.xml:24:9-52
	android:name
		ADDED from src/main/AndroidManifest.xml:24:19-50
activity#com.example.user.stillwalk.classes.PersonalDataPage
ADDED from src/main/AndroidManifest.xml:25:9-61
	android:name
		ADDED from src/main/AndroidManifest.xml:25:19-59
activity#com.example.user.stillwalk.classes.ContactsPage
ADDED from src/main/AndroidManifest.xml:26:9-57
	android:name
		ADDED from src/main/AndroidManifest.xml:26:19-55
activity#com.example.user.stillwalk.classes.SmsPage
ADDED from src/main/AndroidManifest.xml:27:9-52
	android:name
		ADDED from src/main/AndroidManifest.xml:27:19-50
activity#com.example.user.stillwalk.classes.MainPage
ADDED from src/main/AndroidManifest.xml:28:9-53
	android:name
		ADDED from src/main/AndroidManifest.xml:28:19-51
activity#com.example.user.stillwalk.classes.Register
ADDED from src/main/AndroidManifest.xml:29:9-53
	android:name
		ADDED from src/main/AndroidManifest.xml:29:19-51
activity#com.example.user.stillwalk.classes.LoginPage
ADDED from src/main/AndroidManifest.xml:30:9-42:20
	android:name
		ADDED from src/main/AndroidManifest.xml:30:19-52
intent-filter#action:name:android.intent.action.MAIN+category:name:android.intent.category.LAUNCHER
ADDED from src/main/AndroidManifest.xml:34:13-37:29
action#android.intent.action.MAIN
ADDED from src/main/AndroidManifest.xml:35:17-69
	android:name
		ADDED from src/main/AndroidManifest.xml:35:25-66
category#android.intent.category.LAUNCHER
ADDED from src/main/AndroidManifest.xml:36:17-77
	android:name
		ADDED from src/main/AndroidManifest.xml:36:27-74
meta-data#android.app.shortcuts
ADDED from src/main/AndroidManifest.xml:39:13-40:53
	android:resource
		ADDED from src/main/AndroidManifest.xml:40:17-50
	android:name
		ADDED from src/main/AndroidManifest.xml:39:24-60
uses-sdk
INJECTED from src/main/AndroidManifest.xml reason: use-sdk injection requested
INJECTED from src/main/AndroidManifest.xml
INJECTED from src/main/AndroidManifest.xml
MERGED from [com.android.support:appcompat-v7:27.1.1] AndroidManifest.xml:20:5-44
MERGED from [com.android.support:appcompat-v7:27.1.1] AndroidManifest.xml:20:5-44
MERGED from [com.android.support.constraint:constraint-layout:1.1.3] AndroidManifest.xml:5:5-7:41
MERGED from [com.android.support.constraint:constraint-layout:1.1.3] AndroidManifest.xml:5:5-7:41
MERGED from [com.android.support:support-fragment:27.1.1] AndroidManifest.xml:20:5-44
MERGED from [com.android.support:support-fragment:27.1.1] AndroidManifest.xml:20:5-44
MERGED from [com.android.support:animated-vector-drawable:27.1.1] AndroidManifest.xml:20:5-44
MERGED from [com.android.support:animated-vector-drawable:27.1.1] AndroidManifest.xml:20:5-44
MERGED from [com.android.support:support-core-ui:27.1.1] AndroidManifest.xml:20:5-44
MERGED from [com.android.support:support-core-ui:27.1.1] AndroidManifest.xml:20:5-44
MERGED from [com.android.support:support-core-utils:27.1.1] AndroidManifest.xml:20:5-44
MERGED from [com.android.support:support-core-utils:27.1.1] AndroidManifest.xml:20:5-44
MERGED from [com.android.support:support-vector-drawable:27.1.1] AndroidManifest.xml:20:5-44
MERGED from [com.android.support:support-vector-drawable:27.1.1] AndroidManifest.xml:20:5-44
MERGED from [com.android.support:support-compat:27.1.1] AndroidManifest.xml:20:5-44
MERGED from [com.android.support:support-compat:27.1.1] AndroidManifest.xml:20:5-44
MERGED from [android.arch.lifecycle:livedata-core:1.1.0] AndroidManifest.xml:20:5-44
MERGED from [android.arch.lifecycle:livedata-core:1.1.0] AndroidManifest.xml:20:5-44
MERGED from [android.arch.lifecycle:viewmodel:1.1.0] AndroidManifest.xml:20:5-44
MERGED from [android.arch.lifecycle:viewmodel:1.1.0] AndroidManifest.xml:20:5-44
MERGED from [android.arch.lifecycle:runtime:1.1.0] AndroidManifest.xml:20:5-44
MERGED from [android.arch.lifecycle:runtime:1.1.0] AndroidManifest.xml:20:5-44
MERGED from [android.arch.core:runtime:1.1.0] AndroidManifest.xml:20:5-44
MERGED from [android.arch.core:runtime:1.1.0] AndroidManifest.xml:20:5-44
INJECTED from src/main/AndroidManifest.xml
INJECTED from src/main/AndroidManifest.xml
	android:targetSdkVersion
		INJECTED from src/main/AndroidManifest.xml
		ADDED from src/main/AndroidManifest.xml
		INJECTED from src/main/AndroidManifest.xml
	android:minSdkVersion
		INJECTED from src/main/AndroidManifest.xml
		ADDED from src/main/AndroidManifest.xml
		INJECTED from src/main/AndroidManifest.xml